<?xml version="1.0" encoding="UTF-8"?>
<!-- Generated by org.testng.reporters.JUnitReportReporter -->
<testsuite hostname="az" failures="0" tests="1" name="testBase.NopEcommerceRegistrationTest_001" time="10.499" errors="0" timestamp="2024-03-28T02:55:55 EDT" skipped="0">
  <testcase classname="testBase.NopEcommerceRegistrationTest_001" name="registrationTest_001" time="10.499"/>
  <system-out/>
</testsuite> <!-- testBase.NopEcommerceRegistrationTest_001 -->
