<?xml version="1.0" encoding="UTF-8"?>
<!-- Generated by org.testng.reporters.JUnitReportReporter -->
<testsuite hostname="azme" failures="0" tests="1" name="TestBase.TestBase" time="2.206" errors="0" timestamp="2024-02-22T13:50:19 EST" skipped="0">
  <testcase classname="TestBase.TestBase" name="lunchBrowser" time="2.206"/>
  <system-out/>
</testsuite> <!-- TestBase.TestBase -->
