<?xml version="1.0" encoding="UTF-8"?>
<!-- Generated by org.testng.reporters.JUnitReportReporter -->
<testsuite hostname="az" failures="0" tests="1" name="testBase.ExtentReporteDemo" time="3.551" errors="0" timestamp="2024-03-22T02:01:52 EDT" skipped="0">
  <testcase classname="testBase.ExtentReporteDemo" name="extentReportDemo" time="3.551"/>
  <system-out/>
</testsuite> <!-- testBase.ExtentReporteDemo -->
