<?xml version="1.0" encoding="UTF-8"?>
<!-- Generated by org.testng.reporters.JUnitReportReporter -->
<testsuite hostname="az" failures="0" tests="1" name="testBase.NopEcommerceRegistrationTest_001" time="6.541" errors="0" timestamp="2024-03-26T02:09:53 EDT" skipped="0">
  <testcase classname="testBase.NopEcommerceRegistrationTest_001" name="registrationTest_001" time="6.541"/>
  <system-out/>
</testsuite> <!-- testBase.NopEcommerceRegistrationTest_001 -->
