<?xml version="1.0" encoding="UTF-8"?>
<!-- Generated by org.testng.reporters.JUnitReportReporter -->
<testsuite hostname="az" failures="0" tests="2" name="testBase.LoginTest" time="6.018" errors="0" timestamp="2024-03-22T03:58:54 EDT" skipped="0">
  <testcase classname="testBase.LoginTest" name="loginTest_001" time="3.694"/>
  <system-out/>
  <testcase classname="testBase.LoginTest" name="loginTest_001" time="2.324"/>
  <system-out/>
</testsuite> <!-- testBase.LoginTest -->
